<?xml version="1.0" encoding="UTF-8"?>
<!-- Generated by org.testng.reporters.JUnitXMLReporter -->
<testsuite ignored="0" hostname="ASDLAPKCH0119" failures="0" tests="26" name="Parallel Tests Edge" time="81.755" errors="0" timestamp="2023-10-13T13:36:34 IST">
  <testcase classname="com.saucedemo.tests.LoginTest" name="TC002_invalidCredentials" time="3.106"/>
  <testcase classname="com.saucedemo.tests.LoginTest" name="TC004_validPasswordInvalidUsername" time="1.944"/>
  <testcase classname="com.saucedemo.tests.LoginTest" name="TC003_validUsernameInvalidPassword" time="1.955"/>
  <testcase classname="com.saucedemo.tests.LoginTest" name="TC005_loginWithoutCredentials" time="1.886"/>
  <testcase classname="com.saucedemo.tests.LoginTest" name="TC001_loginValidCredentials" time="2.163"/>
  <testcase classname="com.saucedemo.tests.ProductTest" name="TC014_sortDescendingOrder" time="2.96"/>
  <testcase classname="com.saucedemo.tests.ProductTest" name="TC015_sortLowToHigh" time="0.711"/>
  <testcase classname="com.saucedemo.tests.ProductTest" name="TC016_sortHighToLow" time="0.642"/>
  <testcase classname="com.saucedemo.tests.ProductTest" name="TC013_sortAscendingOrder" time="0.572"/>
  <testcase classname="com.saucedemo.tests.ProductTest" name="TC008_addToCart" time="0.229"/>
  <testcase classname="com.saucedemo.tests.ProductTest" name="TC009_addToAllCart" time="2.967"/>
  <testcase classname="com.saucedemo.tests.ProductTest" name="TC012_deSelectAddToCart" time="1.292"/>
  <testcase classname="com.saucedemo.tests.ProductTest" name="TC017_verifyShoppingCartButton" time="0.369"/>
  <testcase classname="com.saucedemo.tests.ProductTest" name="TC018_verifyRemoveButton" time="2.275"/>
  <testcase classname="com.saucedemo.tests.ProductTest" name="TC019_verifyCheckoutButton" time="0.369"/>
  <testcase classname="com.saucedemo.tests.ProductTest" name="TC020_verifyContinueShoppingButton" time="0.093"/>
  <testcase classname="com.saucedemo.tests.ProductTest" name="TC021_verifyCancelButton" time="0.041"/>
  <testcase classname="com.saucedemo.tests.ProductTest" name="TC022_verifyContinueButtonWithoutFirstName" time="3.439"/>
  <testcase classname="com.saucedemo.tests.ProductTest" name="TC023_verifyContinueButtonWithoutLastName" time="5.827"/>
  <testcase classname="com.saucedemo.tests.ProductTest" name="TC024_verifyContinueButtonWithoutPostalCode" time="5.525"/>
  <testcase classname="com.saucedemo.tests.ProductTest" name="TC025_verifyContinueButtonWithAllDetails" time="5.414"/>
  <testcase classname="com.saucedemo.tests.ProductTest" name="TC027_verifyCancelButtonInCheckoutPage" time="0.019"/>
  <testcase classname="com.saucedemo.tests.ProductTest" name="TC026_verifyFinishButtonInCheckoutPage" time="0.229"/>
  <testcase classname="com.saucedemo.tests.ProductTest" name="TC007_navigateBrowserBack" time="2.027"/>
  <testcase classname="com.saucedemo.tests.ProductTest" name="TC006_navigateBrowserForward" time="2.019"/>
  <testcase classname="com.saucedemo.tests.ProductTest" name="TC030_verifyThankYouMessageInOverviewPage" time="0.003"/>
</testsuite> <!-- Parallel Tests Edge -->
