<?xml version="1.0" encoding="UTF-8"?>
<testng-results ignored="0" total="26" passed="26" failed="0" skipped="0">
  <reporter-output>
  </reporter-output>
  <suite started-at="2023-10-13T13:35:12 IST" name="Suite" finished-at="2023-10-13T13:36:34 IST" duration-ms="81755">
    <groups>
    </groups>
    <test started-at="2023-10-13T13:35:12 IST" name="Parallel Tests Edge" finished-at="2023-10-13T13:36:34 IST" duration-ms="81755">
      <class name="com.saucedemo.tests.ProductTest">
        <test-method is-config="true" signature="setUp(java.lang.String)[pri:0, instance:com.saucedemo.tests.ProductTest@2925bf5b]" started-at="2023-10-13T13:35:48 IST" name="setUp" finished-at="2023-10-13T13:35:54 IST" duration-ms="6053" status="PASS">
          <params>
            <param index="0">
              <value>
                <![CDATA[firefox]]>
              </value>
            </param>
          </params>
          <reporter-output>
          </reporter-output>
        </test-method> <!-- setUp -->
        <test-method is-config="true" signature="setUp()[pri:0, instance:com.saucedemo.tests.ProductTest@2925bf5b]" started-at="2023-10-13T13:35:54 IST" name="setUp" finished-at="2023-10-13T13:35:57 IST" duration-ms="2583" status="PASS">
          <reporter-output>
          </reporter-output>
        </test-method> <!-- setUp -->
        <test-method signature="TC014_sortDescendingOrder()[pri:1, instance:com.saucedemo.tests.ProductTest@2925bf5b]" started-at="2023-10-13T13:35:57 IST" name="TC014_sortDescendingOrder" description="Sort the product in descending order." finished-at="2023-10-13T13:35:59 IST" duration-ms="2960" status="PASS">
          <reporter-output>
          </reporter-output>
        </test-method> <!-- TC014_sortDescendingOrder -->
        <test-method signature="TC015_sortLowToHigh()[pri:2, instance:com.saucedemo.tests.ProductTest@2925bf5b]" started-at="2023-10-13T13:35:59 IST" name="TC015_sortLowToHigh" description="Sort the product price from low to high." finished-at="2023-10-13T13:36:00 IST" duration-ms="711" status="PASS">
          <reporter-output>
          </reporter-output>
        </test-method> <!-- TC015_sortLowToHigh -->
        <test-method signature="TC016_sortHighToLow()[pri:3, instance:com.saucedemo.tests.ProductTest@2925bf5b]" started-at="2023-10-13T13:36:00 IST" name="TC016_sortHighToLow" description="Sort the product price from high to low." finished-at="2023-10-13T13:36:01 IST" duration-ms="642" status="PASS">
          <reporter-output>
          </reporter-output>
        </test-method> <!-- TC016_sortHighToLow -->
        <test-method signature="TC013_sortAscendingOrder()[pri:4, instance:com.saucedemo.tests.ProductTest@2925bf5b]" started-at="2023-10-13T13:36:01 IST" name="TC013_sortAscendingOrder" description="Sort the product in ascending order." finished-at="2023-10-13T13:36:01 IST" duration-ms="572" status="PASS">
          <reporter-output>
          </reporter-output>
        </test-method> <!-- TC013_sortAscendingOrder -->
        <test-method signature="TC008_addToCart()[pri:5, instance:com.saucedemo.tests.ProductTest@2925bf5b]" started-at="2023-10-13T13:36:01 IST" name="TC008_addToCart" description="Add a product to the cart." finished-at="2023-10-13T13:36:02 IST" duration-ms="229" status="PASS">
          <reporter-output>
          </reporter-output>
        </test-method> <!-- TC008_addToCart -->
        <test-method signature="TC009_addToAllCart()[pri:6, instance:com.saucedemo.tests.ProductTest@2925bf5b]" started-at="2023-10-13T13:36:02 IST" name="TC009_addToAllCart" description="Add all the products to the cart." finished-at="2023-10-13T13:36:05 IST" duration-ms="2967" status="PASS">
          <reporter-output>
          </reporter-output>
        </test-method> <!-- TC009_addToAllCart -->
        <test-method signature="TC012_deSelectAddToCart()[pri:7, instance:com.saucedemo.tests.ProductTest@2925bf5b]" started-at="2023-10-13T13:36:05 IST" name="TC012_deSelectAddToCart" description="De-select a product from the cart." finished-at="2023-10-13T13:36:06 IST" duration-ms="1292" status="PASS">
          <reporter-output>
          </reporter-output>
        </test-method> <!-- TC012_deSelectAddToCart -->
        <test-method signature="TC017_verifyShoppingCartButton()[pri:8, instance:com.saucedemo.tests.ProductTest@2925bf5b]" started-at="2023-10-13T13:36:06 IST" name="TC017_verifyShoppingCartButton" description="Click on the shopping cart button in the product page." finished-at="2023-10-13T13:36:06 IST" duration-ms="369" status="PASS">
          <reporter-output>
          </reporter-output>
        </test-method> <!-- TC017_verifyShoppingCartButton -->
        <test-method signature="TC018_verifyRemoveButton()[pri:9, instance:com.saucedemo.tests.ProductTest@2925bf5b]" started-at="2023-10-13T13:36:06 IST" name="TC018_verifyRemoveButton" description="Verify the remove button from the product page." finished-at="2023-10-13T13:36:09 IST" duration-ms="2275" status="PASS">
          <reporter-output>
          </reporter-output>
        </test-method> <!-- TC018_verifyRemoveButton -->
        <test-method signature="TC019_verifyCheckoutButton()[pri:10, instance:com.saucedemo.tests.ProductTest@2925bf5b]" started-at="2023-10-13T13:36:09 IST" name="TC019_verifyCheckoutButton" description="Verify the checkout button from the cart page." finished-at="2023-10-13T13:36:09 IST" duration-ms="369" status="PASS">
          <reporter-output>
          </reporter-output>
        </test-method> <!-- TC019_verifyCheckoutButton -->
        <test-method signature="TC020_verifyContinueShoppingButton()[pri:11, instance:com.saucedemo.tests.ProductTest@2925bf5b]" started-at="2023-10-13T13:36:09 IST" name="TC020_verifyContinueShoppingButton" description="Verify the continue shopping button in the information page." finished-at="2023-10-13T13:36:09 IST" duration-ms="93" status="PASS">
          <reporter-output>
          </reporter-output>
        </test-method> <!-- TC020_verifyContinueShoppingButton -->
        <test-method signature="TC021_verifyCancelButton()[pri:12, instance:com.saucedemo.tests.ProductTest@2925bf5b]" started-at="2023-10-13T13:36:09 IST" name="TC021_verifyCancelButton" description="Verify the cancel button in the information page." finished-at="2023-10-13T13:36:09 IST" duration-ms="41" status="PASS">
          <reporter-output>
          </reporter-output>
        </test-method> <!-- TC021_verifyCancelButton -->
        <test-method signature="TC022_verifyContinueButtonWithoutFirstName()[pri:13, instance:com.saucedemo.tests.ProductTest@2925bf5b]" started-at="2023-10-13T13:36:09 IST" name="TC022_verifyContinueButtonWithoutFirstName" description="Verify clicking on the continue button without user information." finished-at="2023-10-13T13:36:13 IST" duration-ms="3439" status="PASS">
          <reporter-output>
          </reporter-output>
        </test-method> <!-- TC022_verifyContinueButtonWithoutFirstName -->
        <test-method signature="TC023_verifyContinueButtonWithoutLastName()[pri:14, instance:com.saucedemo.tests.ProductTest@2925bf5b]" started-at="2023-10-13T13:36:13 IST" name="TC023_verifyContinueButtonWithoutLastName" description="Verify clicking on the continue button without a last name." finished-at="2023-10-13T13:36:18 IST" duration-ms="5827" status="PASS">
          <reporter-output>
          </reporter-output>
        </test-method> <!-- TC023_verifyContinueButtonWithoutLastName -->
        <test-method signature="TC024_verifyContinueButtonWithoutPostalCode()[pri:15, instance:com.saucedemo.tests.ProductTest@2925bf5b]" started-at="2023-10-13T13:36:18 IST" name="TC024_verifyContinueButtonWithoutPostalCode" description="Verify clicking on the continue button without a postal code." finished-at="2023-10-13T13:36:24 IST" duration-ms="5525" status="PASS">
          <reporter-output>
          </reporter-output>
        </test-method> <!-- TC024_verifyContinueButtonWithoutPostalCode -->
        <test-method signature="TC025_verifyContinueButtonWithAllDetails()[pri:16, instance:com.saucedemo.tests.ProductTest@2925bf5b]" started-at="2023-10-13T13:36:24 IST" name="TC025_verifyContinueButtonWithAllDetails" description="Verify clicking on the continue button with all details." finished-at="2023-10-13T13:36:29 IST" duration-ms="5414" status="PASS">
          <reporter-output>
          </reporter-output>
        </test-method> <!-- TC025_verifyContinueButtonWithAllDetails -->
        <test-method signature="TC027_verifyCancelButtonInCheckoutPage()[pri:17, instance:com.saucedemo.tests.ProductTest@2925bf5b]" started-at="2023-10-13T13:36:29 IST" name="TC027_verifyCancelButtonInCheckoutPage" description="Verify the cancel button in the checkout page." finished-at="2023-10-13T13:36:29 IST" duration-ms="19" status="PASS">
          <reporter-output>
          </reporter-output>
        </test-method> <!-- TC027_verifyCancelButtonInCheckoutPage -->
        <test-method signature="TC026_verifyFinishButtonInCheckoutPage()[pri:18, instance:com.saucedemo.tests.ProductTest@2925bf5b]" started-at="2023-10-13T13:36:29 IST" name="TC026_verifyFinishButtonInCheckoutPage" description="Verify clicking on the finish button in the checkout page last name." finished-at="2023-10-13T13:36:30 IST" duration-ms="229" status="PASS">
          <reporter-output>
          </reporter-output>
        </test-method> <!-- TC026_verifyFinishButtonInCheckoutPage -->
        <test-method signature="TC007_navigateBrowserBack()[pri:19, instance:com.saucedemo.tests.ProductTest@2925bf5b]" started-at="2023-10-13T13:36:30 IST" name="TC007_navigateBrowserBack" description="Verify browser back possibilities." finished-at="2023-10-13T13:36:32 IST" duration-ms="2027" status="PASS">
          <reporter-output>
          </reporter-output>
        </test-method> <!-- TC007_navigateBrowserBack -->
        <test-method signature="TC006_navigateBrowserForward()[pri:20, instance:com.saucedemo.tests.ProductTest@2925bf5b]" started-at="2023-10-13T13:36:32 IST" name="TC006_navigateBrowserForward" description="Verify browser forward possibilities." finished-at="2023-10-13T13:36:34 IST" duration-ms="2019" status="PASS">
          <reporter-output>
          </reporter-output>
        </test-method> <!-- TC006_navigateBrowserForward -->
        <test-method signature="TC030_verifyThankYouMessageInOverviewPage()[pri:21, instance:com.saucedemo.tests.ProductTest@2925bf5b]" started-at="2023-10-13T13:36:34 IST" name="TC030_verifyThankYouMessageInOverviewPage" description="Verify the &#039;Thank you&#039; message in the overview page." finished-at="2023-10-13T13:36:34 IST" duration-ms="3" status="PASS">
          <reporter-output>
          </reporter-output>
        </test-method> <!-- TC030_verifyThankYouMessageInOverviewPage -->
      </class> <!-- com.saucedemo.tests.ProductTest -->
      <class name="com.saucedemo.tests.LoginTest">
        <test-method is-config="true" signature="setUp(java.lang.String)[pri:0, instance:com.saucedemo.tests.LoginTest@ba2f4ec]" started-at="2023-10-13T13:35:12 IST" name="setUp" finished-at="2023-10-13T13:35:37 IST" duration-ms="24431" status="PASS">
          <params>
            <param index="0">
              <value>
                <![CDATA[firefox]]>
              </value>
            </param>
          </params>
          <reporter-output>
          </reporter-output>
        </test-method> <!-- setUp -->
        <test-method is-config="true" signature="setUp()[pri:0, instance:com.saucedemo.tests.LoginTest@ba2f4ec]" started-at="2023-10-13T13:35:37 IST" name="setUp" finished-at="2023-10-13T13:35:37 IST" duration-ms="0" status="PASS">
          <reporter-output>
          </reporter-output>
        </test-method> <!-- setUp -->
        <test-method signature="TC002_invalidCredentials()[pri:1, instance:com.saucedemo.tests.LoginTest@ba2f4ec]" started-at="2023-10-13T13:35:37 IST" name="TC002_invalidCredentials" description="Verify login functionality with invalid credentials." finished-at="2023-10-13T13:35:40 IST" duration-ms="3106" status="PASS">
          <reporter-output>
          </reporter-output>
        </test-method> <!-- TC002_invalidCredentials -->
        <test-method signature="TC004_validPasswordInvalidUsername()[pri:2, instance:com.saucedemo.tests.LoginTest@ba2f4ec]" started-at="2023-10-13T13:35:40 IST" name="TC004_validPasswordInvalidUsername" description="Verify login functionality with a valid password and an invalid username." finished-at="2023-10-13T13:35:42 IST" duration-ms="1944" status="PASS">
          <reporter-output>
          </reporter-output>
        </test-method> <!-- TC004_validPasswordInvalidUsername -->
        <test-method signature="TC003_validUsernameInvalidPassword()[pri:3, instance:com.saucedemo.tests.LoginTest@ba2f4ec]" started-at="2023-10-13T13:35:42 IST" name="TC003_validUsernameInvalidPassword" description="Verify login functionality with a valid username and an invalid password." finished-at="2023-10-13T13:35:44 IST" duration-ms="1955" status="PASS">
          <reporter-output>
          </reporter-output>
        </test-method> <!-- TC003_validUsernameInvalidPassword -->
        <test-method signature="TC005_loginWithoutCredentials()[pri:4, instance:com.saucedemo.tests.LoginTest@ba2f4ec]" started-at="2023-10-13T13:35:44 IST" name="TC005_loginWithoutCredentials" description="Verify login functionality without credentials." finished-at="2023-10-13T13:35:46 IST" duration-ms="1886" status="PASS">
          <reporter-output>
          </reporter-output>
        </test-method> <!-- TC005_loginWithoutCredentials -->
        <test-method signature="TC001_loginValidCredentials()[pri:5, instance:com.saucedemo.tests.LoginTest@ba2f4ec]" started-at="2023-10-13T13:35:46 IST" name="TC001_loginValidCredentials" description="Verify login functionality." finished-at="2023-10-13T13:35:48 IST" duration-ms="2163" status="PASS">
          <reporter-output>
          </reporter-output>
        </test-method> <!-- TC001_loginValidCredentials -->
      </class> <!-- com.saucedemo.tests.LoginTest -->
    </test> <!-- Parallel Tests Edge -->
  </suite> <!-- Suite -->
</testng-results>
